# Logfile created on 2014-01-08 08:31:43 -0500 by logger.rb/36483
I, [2014-01-08T08:31:43.503874 #790]  INFO -- : 0:  rack (1.5.2) from /Library/Ruby/Gems/2.0.0/specifications/rack-1.5.2.gemspec
E, [2014-01-08T08:32:05.359787 #790] ERROR -- : Errno::EACCES: Permission denied - /Library/Ruby/Gems/2.0.0/build_info/sass-3.2.13.info
/System/Library/Frameworks/Ruby.framework/Versions/2.0/usr/lib/ruby/2.0.0/open-uri.rb:36:in `initialize'  \n/System/Library/Frameworks/Ruby.framework/Versions/2.0/usr/lib/ruby/2.0.0/open-uri.rb:36:in `open'  \n/System/Library/Frameworks/Ruby.framework/Versions/2.0/usr/lib/ruby/2.0.0/open-uri.rb:36:in `open'  \n/System/Library/Frameworks/Ruby.framework/Versions/2.0/usr/lib/ruby/2.0.0/rubygems/installer.rb:776:in `write_build_info_file'  \n/System/Library/Frameworks/Ruby.framework/Versions/2.0/usr/lib/ruby/2.0.0/rubygems/installer.rb:219:in `install'  \n/Library/Ruby/Gems/2.0.0/gems/bundler-1.5.1/lib/bundler/source/rubygems.rb:101:in `block in install'  \n/Library/Ruby/Gems/2.0.0/gems/bundler-1.5.1/lib/bundler/rubygems_integration.rb:118:in `preserve_paths'  \n/Library/Ruby/Gems/2.0.0/gems/bundler-1.5.1/lib/bundler/source/rubygems.rb:94:in `install'  \n/Library/Ruby/Gems/2.0.0/gems/bundler-1.5.1/lib/bundler/installer.rb:111:in `block in install_gem_from_spec'  \n/Library/Ruby/Gems/2.0.0/gems/bundler-1.5.1/lib/bundler/rubygems_integration.rb:150:in `with_build_args'  \n/Library/Ruby/Gems/2.0.0/gems/bundler-1.5.1/lib/bundler/installer.rb:110:in `install_gem_from_spec'  \n/Library/Ruby/Gems/2.0.0/gems/bundler-1.5.1/lib/bundler/installer.rb:295:in `block in install_sequentially'  \n/System/Library/Frameworks/Ruby.framework/Versions/2.0/usr/lib/ruby/2.0.0/forwardable.rb:171:in `each'  \n/System/Library/Frameworks/Ruby.framework/Versions/2.0/usr/lib/ruby/2.0.0/forwardable.rb:171:in `each'  \n/Library/Ruby/Gems/2.0.0/gems/bundler-1.5.1/lib/bundler/installer.rb:294:in `install_sequentially'  \n/Library/Ruby/Gems/2.0.0/gems/bundler-1.5.1/lib/bundler/installer.rb:97:in `run'  \n/Library/Ruby/Gems/2.0.0/gems/bundler-1.5.1/lib/bundler/installer.rb:15:in `install'  \n/Library/Ruby/Gems/2.0.0/gems/bundler-1.5.1/lib/bundler/cli.rb:257:in `install'  \n/Library/Ruby/Gems/2.0.0/gems/bundler-1.5.1/lib/bundler/vendor/thor/command.rb:27:in `run'  \n/Library/Ruby/Gems/2.0.0/gems/bundler-1.5.1/lib/bundler/vendor/thor/invocation.rb:120:in `invoke_command'  \n/Library/Ruby/Gems/2.0.0/gems/bundler-1.5.1/lib/bundler/vendor/thor.rb:363:in `dispatch'  \n/Library/Ruby/Gems/2.0.0/gems/bundler-1.5.1/lib/bundler/vendor/thor/base.rb:438:in `start'  \n/Library/Ruby/Gems/2.0.0/gems/bundler-1.5.1/lib/bundler/cli.rb:10:in `start'  \n/Library/Ruby/Gems/2.0.0/gems/bundler-1.5.1/bin/bundle:22:in `block in <top (required)>'  \n/Library/Ruby/Gems/2.0.0/gems/bundler-1.5.1/lib/bundler/friendly_errors.rb:5:in `with_friendly_errors'  \n/Library/Ruby/Gems/2.0.0/gems/bundler-1.5.1/bin/bundle:22:in `<top (required)>'  \n/usr/bin/bundle:23:in `load'  \n/usr/bin/bundle:23:in `<main>'
I, [2014-01-08T08:32:15.062299 #798]  INFO -- : 0:  rack (1.5.2) from /Library/Ruby/Gems/2.0.0/specifications/rack-1.5.2.gemspec
E, [2014-01-08T08:32:17.346800 #798] ERROR -- : Errno::EACCES: Permission denied - /Library/Ruby/Gems/2.0.0/build_info/sass-3.2.13.info
/System/Library/Frameworks/Ruby.framework/Versions/2.0/usr/lib/ruby/2.0.0/open-uri.rb:36:in `initialize'  \n/System/Library/Frameworks/Ruby.framework/Versions/2.0/usr/lib/ruby/2.0.0/open-uri.rb:36:in `open'  \n/System/Library/Frameworks/Ruby.framework/Versions/2.0/usr/lib/ruby/2.0.0/open-uri.rb:36:in `open'  \n/System/Library/Frameworks/Ruby.framework/Versions/2.0/usr/lib/ruby/2.0.0/rubygems/installer.rb:776:in `write_build_info_file'  \n/System/Library/Frameworks/Ruby.framework/Versions/2.0/usr/lib/ruby/2.0.0/rubygems/installer.rb:219:in `install'  \n/Library/Ruby/Gems/2.0.0/gems/bundler-1.5.1/lib/bundler/source/rubygems.rb:101:in `block in install'  \n/Library/Ruby/Gems/2.0.0/gems/bundler-1.5.1/lib/bundler/rubygems_integration.rb:118:in `preserve_paths'  \n/Library/Ruby/Gems/2.0.0/gems/bundler-1.5.1/lib/bundler/source/rubygems.rb:94:in `install'  \n/Library/Ruby/Gems/2.0.0/gems/bundler-1.5.1/lib/bundler/installer.rb:111:in `block in install_gem_from_spec'  \n/Library/Ruby/Gems/2.0.0/gems/bundler-1.5.1/lib/bundler/rubygems_integration.rb:150:in `with_build_args'  \n/Library/Ruby/Gems/2.0.0/gems/bundler-1.5.1/lib/bundler/installer.rb:110:in `install_gem_from_spec'  \n/Library/Ruby/Gems/2.0.0/gems/bundler-1.5.1/lib/bundler/installer.rb:295:in `block in install_sequentially'  \n/System/Library/Frameworks/Ruby.framework/Versions/2.0/usr/lib/ruby/2.0.0/forwardable.rb:171:in `each'  \n/System/Library/Frameworks/Ruby.framework/Versions/2.0/usr/lib/ruby/2.0.0/forwardable.rb:171:in `each'  \n/Library/Ruby/Gems/2.0.0/gems/bundler-1.5.1/lib/bundler/installer.rb:294:in `install_sequentially'  \n/Library/Ruby/Gems/2.0.0/gems/bundler-1.5.1/lib/bundler/installer.rb:97:in `run'  \n/Library/Ruby/Gems/2.0.0/gems/bundler-1.5.1/lib/bundler/installer.rb:15:in `install'  \n/Library/Ruby/Gems/2.0.0/gems/bundler-1.5.1/lib/bundler/cli.rb:257:in `install'  \n/Library/Ruby/Gems/2.0.0/gems/bundler-1.5.1/lib/bundler/vendor/thor/command.rb:27:in `run'  \n/Library/Ruby/Gems/2.0.0/gems/bundler-1.5.1/lib/bundler/vendor/thor/invocation.rb:120:in `invoke_command'  \n/Library/Ruby/Gems/2.0.0/gems/bundler-1.5.1/lib/bundler/vendor/thor.rb:363:in `dispatch'  \n/Library/Ruby/Gems/2.0.0/gems/bundler-1.5.1/lib/bundler/vendor/thor/base.rb:438:in `start'  \n/Library/Ruby/Gems/2.0.0/gems/bundler-1.5.1/lib/bundler/cli.rb:10:in `start'  \n/Library/Ruby/Gems/2.0.0/gems/bundler-1.5.1/bin/bundle:22:in `block in <top (required)>'  \n/Library/Ruby/Gems/2.0.0/gems/bundler-1.5.1/lib/bundler/friendly_errors.rb:5:in `with_friendly_errors'  \n/Library/Ruby/Gems/2.0.0/gems/bundler-1.5.1/bin/bundle:22:in `<top (required)>'  \n/usr/bin/bundle:23:in `load'  \n/usr/bin/bundle:23:in `<main>'
I, [2014-01-08T08:33:16.508323 #823]  INFO -- : 0:  rack (1.5.2) from /Library/Ruby/Gems/2.0.0/specifications/rack-1.5.2.gemspec
I, [2014-01-08T08:33:16.508763 #823]  INFO -- : 0:  sass (3.2.13) from /Library/Ruby/Gems/2.0.0/specifications/sass-3.2.13.gemspec
E, [2014-01-08T08:33:17.556270 #823] ERROR -- : Errno::EACCES: Permission denied - /Library/Ruby/Gems/2.0.0/build_info/sinatra-1.0.info
/System/Library/Frameworks/Ruby.framework/Versions/2.0/usr/lib/ruby/2.0.0/open-uri.rb:36:in `initialize'  \n/System/Library/Frameworks/Ruby.framework/Versions/2.0/usr/lib/ruby/2.0.0/open-uri.rb:36:in `open'  \n/System/Library/Frameworks/Ruby.framework/Versions/2.0/usr/lib/ruby/2.0.0/open-uri.rb:36:in `open'  \n/System/Library/Frameworks/Ruby.framework/Versions/2.0/usr/lib/ruby/2.0.0/rubygems/installer.rb:776:in `write_build_info_file'  \n/System/Library/Frameworks/Ruby.framework/Versions/2.0/usr/lib/ruby/2.0.0/rubygems/installer.rb:219:in `install'  \n/Library/Ruby/Gems/2.0.0/gems/bundler-1.5.1/lib/bundler/source/rubygems.rb:101:in `block in install'  \n/Library/Ruby/Gems/2.0.0/gems/bundler-1.5.1/lib/bundler/rubygems_integration.rb:118:in `preserve_paths'  \n/Library/Ruby/Gems/2.0.0/gems/bundler-1.5.1/lib/bundler/source/rubygems.rb:94:in `install'  \n/Library/Ruby/Gems/2.0.0/gems/bundler-1.5.1/lib/bundler/installer.rb:111:in `block in install_gem_from_spec'  \n/Library/Ruby/Gems/2.0.0/gems/bundler-1.5.1/lib/bundler/rubygems_integration.rb:150:in `with_build_args'  \n/Library/Ruby/Gems/2.0.0/gems/bundler-1.5.1/lib/bundler/installer.rb:110:in `install_gem_from_spec'  \n/Library/Ruby/Gems/2.0.0/gems/bundler-1.5.1/lib/bundler/installer.rb:295:in `block in install_sequentially'  \n/System/Library/Frameworks/Ruby.framework/Versions/2.0/usr/lib/ruby/2.0.0/forwardable.rb:171:in `each'  \n/System/Library/Frameworks/Ruby.framework/Versions/2.0/usr/lib/ruby/2.0.0/forwardable.rb:171:in `each'  \n/Library/Ruby/Gems/2.0.0/gems/bundler-1.5.1/lib/bundler/installer.rb:294:in `install_sequentially'  \n/Library/Ruby/Gems/2.0.0/gems/bundler-1.5.1/lib/bundler/installer.rb:97:in `run'  \n/Library/Ruby/Gems/2.0.0/gems/bundler-1.5.1/lib/bundler/installer.rb:15:in `install'  \n/Library/Ruby/Gems/2.0.0/gems/bundler-1.5.1/lib/bundler/cli.rb:257:in `install'  \n/Library/Ruby/Gems/2.0.0/gems/bundler-1.5.1/lib/bundler/vendor/thor/command.rb:27:in `run'  \n/Library/Ruby/Gems/2.0.0/gems/bundler-1.5.1/lib/bundler/vendor/thor/invocation.rb:120:in `invoke_command'  \n/Library/Ruby/Gems/2.0.0/gems/bundler-1.5.1/lib/bundler/vendor/thor.rb:363:in `dispatch'  \n/Library/Ruby/Gems/2.0.0/gems/bundler-1.5.1/lib/bundler/vendor/thor/base.rb:438:in `start'  \n/Library/Ruby/Gems/2.0.0/gems/bundler-1.5.1/lib/bundler/cli.rb:10:in `start'  \n/Library/Ruby/Gems/2.0.0/gems/bundler-1.5.1/bin/bundle:22:in `block in <top (required)>'  \n/Library/Ruby/Gems/2.0.0/gems/bundler-1.5.1/lib/bundler/friendly_errors.rb:5:in `with_friendly_errors'  \n/Library/Ruby/Gems/2.0.0/gems/bundler-1.5.1/bin/bundle:22:in `<top (required)>'  \n/usr/bin/bundle:23:in `load'  \n/usr/bin/bundle:23:in `<main>'
I, [2014-01-08T08:33:34.458330 #833]  INFO -- : 0:  rack (1.5.2) from /Library/Ruby/Gems/2.0.0/specifications/rack-1.5.2.gemspec
I, [2014-01-08T08:33:34.458768 #833]  INFO -- : 0:  sass (3.2.13) from /Library/Ruby/Gems/2.0.0/specifications/sass-3.2.13.gemspec
I, [2014-01-08T08:33:34.499776 #833]  INFO -- : 0:  sinatra (1.0) from /Library/Ruby/Gems/2.0.0/specifications/sinatra-1.0.gemspec
I, [2014-01-08T08:33:34.500190 #833]  INFO -- : 0:  temple (0.6.7) from /Library/Ruby/Gems/2.0.0/specifications/temple-0.6.7.gemspec
I, [2014-01-08T08:33:36.177258 #833]  INFO -- : 0:  tilt (2.0.0) from /Library/Ruby/Gems/2.0.0/specifications/tilt-2.0.0.gemspec
I, [2014-01-08T08:33:36.177616 #833]  INFO -- : 0:  slim (2.0.2) from /Library/Ruby/Gems/2.0.0/specifications/slim-2.0.2.gemspec
I, [2014-01-08T08:33:36.177857 #833]  INFO -- : 0:  bundler (1.5.1) from /Library/Ruby/Gems/2.0.0/specifications/bundler-1.5.1.gemspec
I, [2014-01-13T13:54:20.722542 #9082]  INFO -- : 0:  rack (1.5.2) from /Library/Ruby/Gems/2.0.0/specifications/rack-1.5.2.gemspec
I, [2014-01-13T13:54:20.723355 #9082]  INFO -- : 0:  sass (3.2.13) from /Library/Ruby/Gems/2.0.0/specifications/sass-3.2.13.gemspec
I, [2014-01-13T13:54:20.723632 #9082]  INFO -- : 0:  sinatra (1.0) from /Library/Ruby/Gems/2.0.0/specifications/sinatra-1.0.gemspec
I, [2014-01-13T13:54:20.723889 #9082]  INFO -- : 0:  temple (0.6.7) from /Library/Ruby/Gems/2.0.0/specifications/temple-0.6.7.gemspec
I, [2014-01-13T13:54:20.724135 #9082]  INFO -- : 0:  tilt (2.0.0) from /Library/Ruby/Gems/2.0.0/specifications/tilt-2.0.0.gemspec
I, [2014-01-13T13:54:20.724358 #9082]  INFO -- : 0:  slim (2.0.2) from /Library/Ruby/Gems/2.0.0/specifications/slim-2.0.2.gemspec
I, [2014-01-13T13:54:20.724559 #9082]  INFO -- : 0:  bundler (1.5.1) from /Library/Ruby/Gems/2.0.0/specifications/bundler-1.5.1.gemspec
I, [2014-01-13T13:54:48.658747 #9088]  INFO -- : 0:  rack (1.5.2) from /Library/Ruby/Gems/2.0.0/specifications/rack-1.5.2.gemspec
I, [2014-01-13T13:54:48.659120 #9088]  INFO -- : 0:  sass (3.2.13) from /Library/Ruby/Gems/2.0.0/specifications/sass-3.2.13.gemspec
I, [2014-01-13T13:54:48.659385 #9088]  INFO -- : 0:  sinatra (1.0) from /Library/Ruby/Gems/2.0.0/specifications/sinatra-1.0.gemspec
I, [2014-01-13T13:54:48.659636 #9088]  INFO -- : 0:  temple (0.6.7) from /Library/Ruby/Gems/2.0.0/specifications/temple-0.6.7.gemspec
I, [2014-01-13T13:54:48.659871 #9088]  INFO -- : 0:  tilt (2.0.0) from /Library/Ruby/Gems/2.0.0/specifications/tilt-2.0.0.gemspec
I, [2014-01-13T13:54:48.660087 #9088]  INFO -- : 0:  slim (2.0.2) from /Library/Ruby/Gems/2.0.0/specifications/slim-2.0.2.gemspec
I, [2014-01-13T13:54:48.660280 #9088]  INFO -- : 0:  bundler (1.5.1) from /Library/Ruby/Gems/2.0.0/specifications/bundler-1.5.1.gemspec
I, [2014-01-13T13:55:04.165707 #9097]  INFO -- : 0:  rack (1.5.2) from /Library/Ruby/Gems/2.0.0/specifications/rack-1.5.2.gemspec
I, [2014-01-13T13:55:04.166084 #9097]  INFO -- : 0:  sass (3.2.13) from /Library/Ruby/Gems/2.0.0/specifications/sass-3.2.13.gemspec
I, [2014-01-13T13:55:04.166341 #9097]  INFO -- : 0:  sinatra (1.0) from /Library/Ruby/Gems/2.0.0/specifications/sinatra-1.0.gemspec
I, [2014-01-13T13:55:04.166581 #9097]  INFO -- : 0:  temple (0.6.7) from /Library/Ruby/Gems/2.0.0/specifications/temple-0.6.7.gemspec
I, [2014-01-13T13:55:04.166833 #9097]  INFO -- : 0:  tilt (2.0.0) from /Library/Ruby/Gems/2.0.0/specifications/tilt-2.0.0.gemspec
I, [2014-01-13T13:55:04.167048 #9097]  INFO -- : 0:  slim (2.0.2) from /Library/Ruby/Gems/2.0.0/specifications/slim-2.0.2.gemspec
I, [2014-01-13T13:55:04.167242 #9097]  INFO -- : 0:  bundler (1.5.1) from /Library/Ruby/Gems/2.0.0/specifications/bundler-1.5.1.gemspec
E, [2014-01-13T13:58:11.338791 #9137] ERROR -- : Errno::EACCES: Permission denied - /Library/Ruby/Gems/2.0.0/build_info/coderay-1.1.0.info
/System/Library/Frameworks/Ruby.framework/Versions/2.0/usr/lib/ruby/2.0.0/open-uri.rb:36:in `initialize'  \n/System/Library/Frameworks/Ruby.framework/Versions/2.0/usr/lib/ruby/2.0.0/open-uri.rb:36:in `open'  \n/System/Library/Frameworks/Ruby.framework/Versions/2.0/usr/lib/ruby/2.0.0/open-uri.rb:36:in `open'  \n/System/Library/Frameworks/Ruby.framework/Versions/2.0/usr/lib/ruby/2.0.0/rubygems/installer.rb:776:in `write_build_info_file'  \n/System/Library/Frameworks/Ruby.framework/Versions/2.0/usr/lib/ruby/2.0.0/rubygems/installer.rb:219:in `install'  \n/Library/Ruby/Gems/2.0.0/gems/bundler-1.5.1/lib/bundler/source/rubygems.rb:101:in `block in install'  \n/Library/Ruby/Gems/2.0.0/gems/bundler-1.5.1/lib/bundler/rubygems_integration.rb:118:in `preserve_paths'  \n/Library/Ruby/Gems/2.0.0/gems/bundler-1.5.1/lib/bundler/source/rubygems.rb:94:in `install'  \n/Library/Ruby/Gems/2.0.0/gems/bundler-1.5.1/lib/bundler/installer.rb:111:in `block in install_gem_from_spec'  \n/Library/Ruby/Gems/2.0.0/gems/bundler-1.5.1/lib/bundler/rubygems_integration.rb:150:in `with_build_args'  \n/Library/Ruby/Gems/2.0.0/gems/bundler-1.5.1/lib/bundler/installer.rb:110:in `install_gem_from_spec'  \n/Library/Ruby/Gems/2.0.0/gems/bundler-1.5.1/lib/bundler/installer.rb:295:in `block in install_sequentially'  \n/System/Library/Frameworks/Ruby.framework/Versions/2.0/usr/lib/ruby/2.0.0/forwardable.rb:171:in `each'  \n/System/Library/Frameworks/Ruby.framework/Versions/2.0/usr/lib/ruby/2.0.0/forwardable.rb:171:in `each'  \n/Library/Ruby/Gems/2.0.0/gems/bundler-1.5.1/lib/bundler/installer.rb:294:in `install_sequentially'  \n/Library/Ruby/Gems/2.0.0/gems/bundler-1.5.1/lib/bundler/installer.rb:97:in `run'  \n/Library/Ruby/Gems/2.0.0/gems/bundler-1.5.1/lib/bundler/installer.rb:15:in `install'  \n/Library/Ruby/Gems/2.0.0/gems/bundler-1.5.1/lib/bundler/cli.rb:257:in `install'  \n/Library/Ruby/Gems/2.0.0/gems/bundler-1.5.1/lib/bundler/vendor/thor/command.rb:27:in `run'  \n/Library/Ruby/Gems/2.0.0/gems/bundler-1.5.1/lib/bundler/vendor/thor/invocation.rb:120:in `invoke_command'  \n/Library/Ruby/Gems/2.0.0/gems/bundler-1.5.1/lib/bundler/vendor/thor.rb:363:in `dispatch'  \n/Library/Ruby/Gems/2.0.0/gems/bundler-1.5.1/lib/bundler/vendor/thor/base.rb:438:in `start'  \n/Library/Ruby/Gems/2.0.0/gems/bundler-1.5.1/lib/bundler/cli.rb:10:in `start'  \n/Library/Ruby/Gems/2.0.0/gems/bundler-1.5.1/bin/bundle:22:in `block in <top (required)>'  \n/Library/Ruby/Gems/2.0.0/gems/bundler-1.5.1/lib/bundler/friendly_errors.rb:5:in `with_friendly_errors'  \n/Library/Ruby/Gems/2.0.0/gems/bundler-1.5.1/bin/bundle:22:in `<top (required)>'  \n/usr/bin/bundle:23:in `load'  \n/usr/bin/bundle:23:in `<main>'
I, [2014-01-13T13:58:23.724932 #9147]  INFO -- : 0:  coderay (1.1.0) from /Library/Ruby/Gems/2.0.0/specifications/coderay-1.1.0.gemspec
I, [2014-01-13T13:58:25.556044 #9147]  INFO -- : 0:  method_source (0.8.2) from /Library/Ruby/Gems/2.0.0/specifications/method_source-0.8.2.gemspec
I, [2014-01-13T13:58:26.817296 #9147]  INFO -- : 0:  slop (3.4.7) from /Library/Ruby/Gems/2.0.0/specifications/slop-3.4.7.gemspec
I, [2014-01-13T13:58:28.633985 #9147]  INFO -- : 0:  pry (0.9.12.4) from /Library/Ruby/Gems/2.0.0/specifications/pry-0.9.12.4.gemspec
I, [2014-01-13T13:58:28.634373 #9147]  INFO -- : 0:  rack (1.5.2) from /Library/Ruby/Gems/2.0.0/specifications/rack-1.5.2.gemspec
I, [2014-01-13T13:58:28.634683 #9147]  INFO -- : 0:  sass (3.2.13) from /Library/Ruby/Gems/2.0.0/specifications/sass-3.2.13.gemspec
I, [2014-01-13T13:58:28.634938 #9147]  INFO -- : 0:  sinatra (1.0) from /Library/Ruby/Gems/2.0.0/specifications/sinatra-1.0.gemspec
I, [2014-01-13T13:58:28.635191 #9147]  INFO -- : 0:  temple (0.6.7) from /Library/Ruby/Gems/2.0.0/specifications/temple-0.6.7.gemspec
I, [2014-01-13T13:58:28.635428 #9147]  INFO -- : 0:  tilt (2.0.0) from /Library/Ruby/Gems/2.0.0/specifications/tilt-2.0.0.gemspec
I, [2014-01-13T13:58:28.635662 #9147]  INFO -- : 0:  slim (2.0.2) from /Library/Ruby/Gems/2.0.0/specifications/slim-2.0.2.gemspec
I, [2014-01-13T13:58:28.635871 #9147]  INFO -- : 0:  bundler (1.5.1) from /Library/Ruby/Gems/2.0.0/specifications/bundler-1.5.1.gemspec
I, [2014-01-13T16:01:36.449114 #9608]  INFO -- : 0:  mime-types (2.0) from /Library/Ruby/Gems/2.0.0/specifications/mime-types-2.0.gemspec
I, [2014-01-13T16:01:37.499632 #9608]  INFO -- : 0:  mini_portile (0.5.2) from /Library/Ruby/Gems/2.0.0/specifications/mini_portile-0.5.2.gemspec
I, [2014-01-13T16:02:53.671256 #9608]  INFO -- : 0:  nokogiri (1.6.1) from /Library/Ruby/Gems/2.0.0/specifications/nokogiri-1.6.1.gemspec
I, [2014-01-13T16:02:53.671768 #9608]  INFO -- : 0:  rack (1.5.2) from /Library/Ruby/Gems/2.0.0/specifications/rack-1.5.2.gemspec
I, [2014-01-13T16:02:54.917968 #9608]  INFO -- : 0:  rack-test (0.6.2) from /Library/Ruby/Gems/2.0.0/specifications/rack-test-0.6.2.gemspec
I, [2014-01-13T16:02:55.966290 #9608]  INFO -- : 0:  xpath (2.0.0) from /Library/Ruby/Gems/2.0.0/specifications/xpath-2.0.0.gemspec
I, [2014-01-13T16:02:57.576094 #9608]  INFO -- : 0:  capybara (2.2.1) from /Library/Ruby/Gems/2.0.0/specifications/capybara-2.2.1.gemspec
I, [2014-01-13T16:02:58.330600 #9608]  INFO -- : 0:  cliver (0.3.2) from /Library/Ruby/Gems/2.0.0/specifications/cliver-0.3.2.gemspec
I, [2014-01-13T16:02:58.331143 #9608]  INFO -- : 0:  coderay (1.1.0) from /Library/Ruby/Gems/2.0.0/specifications/coderay-1.1.0.gemspec
I, [2014-01-13T16:02:59.041344 #9608]  INFO -- : 0:  colorize (0.5.8) from /Library/Ruby/Gems/2.0.0/specifications/colorize-0.5.8.gemspec
I, [2014-01-13T16:03:00.804299 #9608]  INFO -- : 0:  racc (1.4.11) from /Library/Ruby/Gems/2.0.0/specifications/racc-1.4.11.gemspec
I, [2014-01-13T16:03:02.073595 #9608]  INFO -- : 0:  gherkin-ruby (0.3.1) from /Library/Ruby/Gems/2.0.0/specifications/gherkin-ruby-0.3.1.gemspec
I, [2014-01-13T16:03:02.074015 #9608]  INFO -- : 0:  method_source (0.8.2) from /Library/Ruby/Gems/2.0.0/specifications/method_source-0.8.2.gemspec
I, [2014-01-13T16:03:03.175148 #9608]  INFO -- : 0:  multi_json (1.8.4) from /Library/Ruby/Gems/2.0.0/specifications/multi_json-1.8.4.gemspec
I, [2014-01-13T16:03:04.413923 #9608]  INFO -- : 0:  websocket-driver (0.3.2) from /Library/Ruby/Gems/2.0.0/specifications/websocket-driver-0.3.2.gemspec
I, [2014-01-13T16:03:06.152456 #9608]  INFO -- : 0:  poltergeist (1.5.0) from /Library/Ruby/Gems/2.0.0/specifications/poltergeist-1.5.0.gemspec
I, [2014-01-13T16:03:06.195139 #9608]  INFO -- : 0:  slop (3.4.7) from /Library/Ruby/Gems/2.0.0/specifications/slop-3.4.7.gemspec
I, [2014-01-13T16:03:06.195627 #9608]  INFO -- : 0:  pry (0.9.12.4) from /Library/Ruby/Gems/2.0.0/specifications/pry-0.9.12.4.gemspec
I, [2014-01-13T16:03:06.195916 #9608]  INFO -- : 0:  sass (3.2.13) from /Library/Ruby/Gems/2.0.0/specifications/sass-3.2.13.gemspec
I, [2014-01-13T16:03:06.196198 #9608]  INFO -- : 0:  sinatra (1.0) from /Library/Ruby/Gems/2.0.0/specifications/sinatra-1.0.gemspec
I, [2014-01-13T16:03:06.196455 #9608]  INFO -- : 0:  temple (0.6.7) from /Library/Ruby/Gems/2.0.0/specifications/temple-0.6.7.gemspec
I, [2014-01-13T16:03:06.196703 #9608]  INFO -- : 0:  tilt (2.0.0) from /Library/Ruby/Gems/2.0.0/specifications/tilt-2.0.0.gemspec
I, [2014-01-13T16:03:06.196947 #9608]  INFO -- : 0:  slim (2.0.2) from /Library/Ruby/Gems/2.0.0/specifications/slim-2.0.2.gemspec
I, [2014-01-13T16:03:07.464841 #9608]  INFO -- : 0:  spinach (0.8.7) from /Library/Ruby/Gems/2.0.0/specifications/spinach-0.8.7.gemspec
I, [2014-01-13T16:03:07.465316 #9608]  INFO -- : 0:  bundler (1.5.1) from /Library/Ruby/Gems/2.0.0/specifications/bundler-1.5.1.gemspec
I, [2014-01-13T16:28:02.043578 #25594]  INFO -- : 0:  mime-types (2.0) from /Library/Ruby/Gems/2.0.0/specifications/mime-types-2.0.gemspec
I, [2014-01-13T16:28:02.043922 #25594]  INFO -- : 0:  mini_portile (0.5.2) from /Library/Ruby/Gems/2.0.0/specifications/mini_portile-0.5.2.gemspec
I, [2014-01-13T16:28:02.044183 #25594]  INFO -- : 0:  nokogiri (1.6.1) from /Library/Ruby/Gems/2.0.0/specifications/nokogiri-1.6.1.gemspec
I, [2014-01-13T16:28:02.044431 #25594]  INFO -- : 0:  rack (1.5.2) from /Library/Ruby/Gems/2.0.0/specifications/rack-1.5.2.gemspec
I, [2014-01-13T16:28:02.044666 #25594]  INFO -- : 0:  rack-test (0.6.2) from /Library/Ruby/Gems/2.0.0/specifications/rack-test-0.6.2.gemspec
I, [2014-01-13T16:28:02.044883 #25594]  INFO -- : 0:  xpath (2.0.0) from /Library/Ruby/Gems/2.0.0/specifications/xpath-2.0.0.gemspec
I, [2014-01-13T16:28:02.045098 #25594]  INFO -- : 0:  capybara (2.2.1) from /Library/Ruby/Gems/2.0.0/specifications/capybara-2.2.1.gemspec
I, [2014-01-13T16:28:02.045314 #25594]  INFO -- : 0:  cliver (0.3.2) from /Library/Ruby/Gems/2.0.0/specifications/cliver-0.3.2.gemspec
I, [2014-01-13T16:28:02.045520 #25594]  INFO -- : 0:  coderay (1.1.0) from /Library/Ruby/Gems/2.0.0/specifications/coderay-1.1.0.gemspec
I, [2014-01-13T16:28:02.045740 #25594]  INFO -- : 0:  colorize (0.5.8) from /Library/Ruby/Gems/2.0.0/specifications/colorize-0.5.8.gemspec
I, [2014-01-13T16:28:02.045958 #25594]  INFO -- : 0:  racc (1.4.11) from /Library/Ruby/Gems/2.0.0/specifications/racc-1.4.11.gemspec
I, [2014-01-13T16:28:02.046168 #25594]  INFO -- : 0:  gherkin-ruby (0.3.1) from /Library/Ruby/Gems/2.0.0/specifications/gherkin-ruby-0.3.1.gemspec
I, [2014-01-13T16:28:02.046378 #25594]  INFO -- : 0:  method_source (0.8.2) from /Library/Ruby/Gems/2.0.0/specifications/method_source-0.8.2.gemspec
I, [2014-01-13T16:28:02.046583 #25594]  INFO -- : 0:  multi_json (1.8.4) from /Library/Ruby/Gems/2.0.0/specifications/multi_json-1.8.4.gemspec
I, [2014-01-13T16:28:02.046800 #25594]  INFO -- : 0:  websocket-driver (0.3.2) from /Library/Ruby/Gems/2.0.0/specifications/websocket-driver-0.3.2.gemspec
I, [2014-01-13T16:28:02.047018 #25594]  INFO -- : 0:  poltergeist (1.5.0) from /Library/Ruby/Gems/2.0.0/specifications/poltergeist-1.5.0.gemspec
I, [2014-01-13T16:28:02.047225 #25594]  INFO -- : 0:  slop (3.4.7) from /Library/Ruby/Gems/2.0.0/specifications/slop-3.4.7.gemspec
I, [2014-01-13T16:28:02.047436 #25594]  INFO -- : 0:  pry (0.9.12.4) from /Library/Ruby/Gems/2.0.0/specifications/pry-0.9.12.4.gemspec
I, [2014-01-13T16:28:02.047641 #25594]  INFO -- : 0:  sass (3.2.13) from /Library/Ruby/Gems/2.0.0/specifications/sass-3.2.13.gemspec
I, [2014-01-13T16:28:02.047853 #25594]  INFO -- : 0:  sinatra (1.0) from /Library/Ruby/Gems/2.0.0/specifications/sinatra-1.0.gemspec
I, [2014-01-13T16:28:02.048067 #25594]  INFO -- : 0:  temple (0.6.7) from /Library/Ruby/Gems/2.0.0/specifications/temple-0.6.7.gemspec
I, [2014-01-13T16:28:02.048285 #25594]  INFO -- : 0:  tilt (2.0.0) from /Library/Ruby/Gems/2.0.0/specifications/tilt-2.0.0.gemspec
I, [2014-01-13T16:28:02.048491 #25594]  INFO -- : 0:  slim (2.0.2) from /Library/Ruby/Gems/2.0.0/specifications/slim-2.0.2.gemspec
I, [2014-01-13T16:28:02.048708 #25594]  INFO -- : 0:  spinach (0.8.7) from /Library/Ruby/Gems/2.0.0/specifications/spinach-0.8.7.gemspec
I, [2014-01-13T16:28:02.048895 #25594]  INFO -- : 0:  bundler (1.5.1) from /Library/Ruby/Gems/2.0.0/specifications/bundler-1.5.1.gemspec
I, [2014-01-13T16:37:53.400901 #25681]  INFO -- : 0:  mime-types (2.0) from /Library/Ruby/Gems/2.0.0/specifications/mime-types-2.0.gemspec
I, [2014-01-13T16:37:53.401263 #25681]  INFO -- : 0:  mini_portile (0.5.2) from /Library/Ruby/Gems/2.0.0/specifications/mini_portile-0.5.2.gemspec
I, [2014-01-13T16:37:53.401549 #25681]  INFO -- : 0:  nokogiri (1.6.1) from /Library/Ruby/Gems/2.0.0/specifications/nokogiri-1.6.1.gemspec
I, [2014-01-13T16:37:53.401818 #25681]  INFO -- : 0:  rack (1.5.2) from /Library/Ruby/Gems/2.0.0/specifications/rack-1.5.2.gemspec
I, [2014-01-13T16:37:53.402077 #25681]  INFO -- : 0:  rack-test (0.6.2) from /Library/Ruby/Gems/2.0.0/specifications/rack-test-0.6.2.gemspec
I, [2014-01-13T16:37:53.402334 #25681]  INFO -- : 0:  xpath (2.0.0) from /Library/Ruby/Gems/2.0.0/specifications/xpath-2.0.0.gemspec
I, [2014-01-13T16:37:53.402558 #25681]  INFO -- : 0:  capybara (2.2.1) from /Library/Ruby/Gems/2.0.0/specifications/capybara-2.2.1.gemspec
I, [2014-01-13T16:37:53.402789 #25681]  INFO -- : 0:  cliver (0.3.2) from /Library/Ruby/Gems/2.0.0/specifications/cliver-0.3.2.gemspec
I, [2014-01-13T16:37:53.403025 #25681]  INFO -- : 0:  coderay (1.1.0) from /Library/Ruby/Gems/2.0.0/specifications/coderay-1.1.0.gemspec
I, [2014-01-13T16:37:53.403256 #25681]  INFO -- : 0:  colorize (0.5.8) from /Library/Ruby/Gems/2.0.0/specifications/colorize-0.5.8.gemspec
I, [2014-01-13T16:37:53.403486 #25681]  INFO -- : 0:  racc (1.4.11) from /Library/Ruby/Gems/2.0.0/specifications/racc-1.4.11.gemspec
I, [2014-01-13T16:37:53.403718 #25681]  INFO -- : 0:  gherkin-ruby (0.3.1) from /Library/Ruby/Gems/2.0.0/specifications/gherkin-ruby-0.3.1.gemspec
I, [2014-01-13T16:37:53.403948 #25681]  INFO -- : 0:  method_source (0.8.2) from /Library/Ruby/Gems/2.0.0/specifications/method_source-0.8.2.gemspec
I, [2014-01-13T16:37:53.404178 #25681]  INFO -- : 0:  multi_json (1.8.4) from /Library/Ruby/Gems/2.0.0/specifications/multi_json-1.8.4.gemspec
I, [2014-01-13T16:37:53.404407 #25681]  INFO -- : 0:  websocket-driver (0.3.2) from /Library/Ruby/Gems/2.0.0/specifications/websocket-driver-0.3.2.gemspec
I, [2014-01-13T16:37:53.404639 #25681]  INFO -- : 0:  poltergeist (1.5.0) from /Library/Ruby/Gems/2.0.0/specifications/poltergeist-1.5.0.gemspec
I, [2014-01-13T16:37:53.404868 #25681]  INFO -- : 0:  slop (3.4.7) from /Library/Ruby/Gems/2.0.0/specifications/slop-3.4.7.gemspec
I, [2014-01-13T16:37:53.405098 #25681]  INFO -- : 0:  pry (0.9.12.4) from /Library/Ruby/Gems/2.0.0/specifications/pry-0.9.12.4.gemspec
I, [2014-01-13T16:37:53.405330 #25681]  INFO -- : 0:  rack-protection (1.5.1) from /Library/Ruby/Gems/2.0.0/specifications/rack-protection-1.5.1.gemspec
I, [2014-01-13T16:37:53.405565 #25681]  INFO -- : 0:  sass (3.2.13) from /Library/Ruby/Gems/2.0.0/specifications/sass-3.2.13.gemspec
I, [2014-01-13T16:37:53.405793 #25681]  INFO -- : 0:  tilt (1.4.1) from /Library/Ruby/Gems/2.0.0/specifications/tilt-1.4.1.gemspec
I, [2014-01-13T16:37:53.406023 #25681]  INFO -- : 0:  sinatra (1.4.4) from /Library/Ruby/Gems/2.0.0/specifications/sinatra-1.4.4.gemspec
I, [2014-01-13T16:37:53.406241 #25681]  INFO -- : 0:  temple (0.6.7) from /Library/Ruby/Gems/2.0.0/specifications/temple-0.6.7.gemspec
I, [2014-01-13T16:37:53.406468 #25681]  INFO -- : 0:  slim (2.0.2) from /Library/Ruby/Gems/2.0.0/specifications/slim-2.0.2.gemspec
I, [2014-01-13T16:37:53.406696 #25681]  INFO -- : 0:  spinach (0.8.7) from /Library/Ruby/Gems/2.0.0/specifications/spinach-0.8.7.gemspec
I, [2014-01-13T16:37:53.406905 #25681]  INFO -- : 0:  bundler (1.5.1) from /Library/Ruby/Gems/2.0.0/specifications/bundler-1.5.1.gemspec
I, [2014-01-16T10:23:22.685790 #35418]  INFO -- : 0:  mime-types (2.0) from /Library/Ruby/Gems/2.0.0/specifications/mime-types-2.0.gemspec
I, [2014-01-16T10:23:22.688934 #35418]  INFO -- : 0:  mini_portile (0.5.2) from /Library/Ruby/Gems/2.0.0/specifications/mini_portile-0.5.2.gemspec
I, [2014-01-16T10:23:22.689450 #35418]  INFO -- : 0:  nokogiri (1.6.1) from /Library/Ruby/Gems/2.0.0/specifications/nokogiri-1.6.1.gemspec
I, [2014-01-16T10:23:22.689844 #35418]  INFO -- : 0:  rack (1.5.2) from /Library/Ruby/Gems/2.0.0/specifications/rack-1.5.2.gemspec
I, [2014-01-16T10:23:22.690205 #35418]  INFO -- : 0:  rack-test (0.6.2) from /Library/Ruby/Gems/2.0.0/specifications/rack-test-0.6.2.gemspec
I, [2014-01-16T10:23:22.690563 #35418]  INFO -- : 0:  xpath (2.0.0) from /Library/Ruby/Gems/2.0.0/specifications/xpath-2.0.0.gemspec
I, [2014-01-16T10:23:22.690922 #35418]  INFO -- : 0:  capybara (2.2.1) from /Library/Ruby/Gems/2.0.0/specifications/capybara-2.2.1.gemspec
I, [2014-01-16T10:23:22.691311 #35418]  INFO -- : 0:  cliver (0.3.2) from /Library/Ruby/Gems/2.0.0/specifications/cliver-0.3.2.gemspec
I, [2014-01-16T10:23:22.691668 #35418]  INFO -- : 0:  coderay (1.1.0) from /Library/Ruby/Gems/2.0.0/specifications/coderay-1.1.0.gemspec
I, [2014-01-16T10:23:22.692069 #35418]  INFO -- : 0:  colorize (0.5.8) from /Library/Ruby/Gems/2.0.0/specifications/colorize-0.5.8.gemspec
I, [2014-01-16T10:23:22.692390 #35418]  INFO -- : 0:  diff-lcs (1.2.5) from /Library/Ruby/Gems/2.0.0/specifications/diff-lcs-1.2.5.gemspec
I, [2014-01-16T10:23:22.692702 #35418]  INFO -- : 0:  racc (1.4.11) from /Library/Ruby/Gems/2.0.0/specifications/racc-1.4.11.gemspec
I, [2014-01-16T10:23:22.693030 #35418]  INFO -- : 0:  gherkin-ruby (0.3.1) from /Library/Ruby/Gems/2.0.0/specifications/gherkin-ruby-0.3.1.gemspec
I, [2014-01-16T10:23:24.620372 #35418]  INFO -- : 0:  httpclient (2.3.4.1) from /Library/Ruby/Gems/2.0.0/specifications/httpclient-2.3.4.1.gemspec
I, [2014-01-16T10:23:24.621022 #35418]  INFO -- : 0:  method_source (0.8.2) from /Library/Ruby/Gems/2.0.0/specifications/method_source-0.8.2.gemspec
I, [2014-01-16T10:23:24.621477 #35418]  INFO -- : 0:  multi_json (1.8.4) from /Library/Ruby/Gems/2.0.0/specifications/multi_json-1.8.4.gemspec
I, [2014-01-16T10:23:24.621926 #35418]  INFO -- : 0:  websocket-driver (0.3.2) from /Library/Ruby/Gems/2.0.0/specifications/websocket-driver-0.3.2.gemspec
I, [2014-01-16T10:23:24.622348 #35418]  INFO -- : 0:  poltergeist (1.5.0) from /Library/Ruby/Gems/2.0.0/specifications/poltergeist-1.5.0.gemspec
I, [2014-01-16T10:23:24.622761 #35418]  INFO -- : 0:  slop (3.4.7) from /Library/Ruby/Gems/2.0.0/specifications/slop-3.4.7.gemspec
I, [2014-01-16T10:23:24.623156 #35418]  INFO -- : 0:  pry (0.9.12.4) from /Library/Ruby/Gems/2.0.0/specifications/pry-0.9.12.4.gemspec
I, [2014-01-16T10:23:25.717434 #35418]  INFO -- : 0:  signature (0.1.7) from /Library/Ruby/Gems/2.0.0/specifications/signature-0.1.7.gemspec
I, [2014-01-16T10:23:26.899971 #35418]  INFO -- : 0:  pusher (0.12.0) from /Library/Ruby/Gems/2.0.0/specifications/pusher-0.12.0.gemspec
I, [2014-01-16T10:23:26.900298 #35418]  INFO -- : 0:  rack-protection (1.5.1) from /Library/Ruby/Gems/2.0.0/specifications/rack-protection-1.5.1.gemspec
I, [2014-01-16T10:23:26.900557 #35418]  INFO -- : 0:  rspec-core (2.14.7) from /Library/Ruby/Gems/2.0.0/specifications/rspec-core-2.14.7.gemspec
I, [2014-01-16T10:23:26.900802 #35418]  INFO -- : 0:  rspec-expectations (2.14.4) from /Library/Ruby/Gems/2.0.0/specifications/rspec-expectations-2.14.4.gemspec
I, [2014-01-16T10:23:26.901040 #35418]  INFO -- : 0:  rspec-mocks (2.14.4) from /Library/Ruby/Gems/2.0.0/specifications/rspec-mocks-2.14.4.gemspec
I, [2014-01-16T10:23:26.901274 #35418]  INFO -- : 0:  rspec (2.14.1) from /Library/Ruby/Gems/2.0.0/specifications/rspec-2.14.1.gemspec
I, [2014-01-16T10:23:26.901505 #35418]  INFO -- : 0:  sass (3.2.13) from /Library/Ruby/Gems/2.0.0/specifications/sass-3.2.13.gemspec
I, [2014-01-16T10:23:26.901739 #35418]  INFO -- : 0:  tilt (1.4.1) from /Library/Ruby/Gems/2.0.0/specifications/tilt-1.4.1.gemspec
I, [2014-01-16T10:23:26.901971 #35418]  INFO -- : 0:  sinatra (1.4.4) from /Library/Ruby/Gems/2.0.0/specifications/sinatra-1.4.4.gemspec
I, [2014-01-16T10:23:26.902197 #35418]  INFO -- : 0:  temple (0.6.7) from /Library/Ruby/Gems/2.0.0/specifications/temple-0.6.7.gemspec
I, [2014-01-16T10:23:26.902424 #35418]  INFO -- : 0:  slim (2.0.2) from /Library/Ruby/Gems/2.0.0/specifications/slim-2.0.2.gemspec
I, [2014-01-16T10:23:26.902653 #35418]  INFO -- : 0:  spinach (0.8.7) from /Library/Ruby/Gems/2.0.0/specifications/spinach-0.8.7.gemspec
I, [2014-01-16T10:23:26.902854 #35418]  INFO -- : 0:  bundler (1.5.1) from /Library/Ruby/Gems/2.0.0/specifications/bundler-1.5.1.gemspec
